#
# A fatal error has been detected by the Java Runtime Environment:
#
#  SIGSEGV (0xb) at pc=0x000000011a14c12f, pid=1161, tid=4099
#
# JRE version: Java(TM) SE Runtime Environment (8.0_66-b17) (build 1.8.0_66-b17)
# Java VM: Java HotSpot(TM) 64-Bit Server VM (25.66-b17 mixed mode bsd-amd64 compressed oops)
# Problematic frame:
# C  [librxtxSerial.jnilib+0x312f]  Java_gnu_io_RXTXPort_interruptEventLoop+0x6b
#
# Failed to write core dump. Core dumps have been disabled. To enable core dumping, try "ulimit -c unlimited" before starting Java again
#
# If you would like to submit a bug report, please visit:
#   http://bugreport.java.com/bugreport/crash.jsp
# The crash happened outside the Java Virtual Machine in native code.
# See problematic frame for where to report the bug.
#

---------------  T H R E A D  ---------------

Current thread (0x00007f9ff3801800):  JavaThread "main" [_thread_in_native, id=4099, stack(0x0000700000084000,0x0000700000184000)]

siginfo: si_signo: 11 (SIGSEGV), si_code: 1 (SEGV_MAPERR), si_addr: 0x00007000010c6868

Registers:
RAX=0x0000000000000000, RBX=0x00007000010c6700, RCX=0x0000700000184050, RDX=0xffffffffffffffff
RSP=0x0000700000183710, RBP=0x0000700000183720, RSI=0x0000000000000000, RDI=0x000000000000003c
R8 =0x0000000000000000, R9 =0x0000000002faf080, R10=0x0000000000000001, R11=0x0000000000000247
R12=0x0000000000000010, R13=0x00000001171240f0, R14=0x00007000001837a0, R15=0x00007f9ff3801800
RIP=0x000000011a14c12f, EFLAGS=0x0000000000010206, ERR=0x0000000000000004
  TRAPNO=0x000000000000000e

Top of Stack: (sp=0x0000700000183710)
0x0000700000183710:   00000001171240f0 0000000000000000
0x0000700000183720:   0000700000183780 0000000105415954
0x0000700000183730:   0000000105421563 00000001054156a2
0x0000700000183740:   0000700000183740 00000001171240f0
0x0000700000183750:   00007000001837a0 000000011712f828
0x0000700000183760:   0000000000000000 00000001171240f0
0x0000700000183770:   0000000000000000 00007000001837a0
0x0000700000183780:   00007000001837e8 0000000105407c4d
0x0000700000183790:   0000000000000000 000000010540f578
0x00007000001837a0:   00000007aacc9d58 00007000001837a8
0x00007000001837b0:   0000000117124597 0000700000183800
0x00007000001837c0:   000000011712f828 0000000000000000
0x00007000001837d0:   0000000117124600 00007000001837a0
0x00007000001837e0:   0000700000183800 0000700000183858
0x00007000001837f0:   0000000105407c4d 0000000000000000
0x0000700000183800:   00000007aacc9d58 0000000000000001
0x0000700000183810:   0000000000000000 0000700000183808
0x0000700000183820:   0000000117124ff3 0000700000183880
0x0000700000183830:   000000011712f828 0000000000000000
0x0000700000183840:   0000000117125058 0000700000183800
0x0000700000183850:   0000700000183880 00007000001838c8
0x0000700000183860:   0000000105407c4d 0000000000000000
0x0000700000183870:   0000000000000000 00000007aacc9d58
0x0000700000183880:   00000007aacc9d58 0000700000183888
0x0000700000183890:   000000011711a644 00007000001838e0
0x00007000001838a0:   000000011711a868 0000000000000000
0x00007000001838b0:   000000011711a698 0000700000183880
0x00007000001838c0:   00007000001838e0 0000700000183928
0x00007000001838d0:   0000000105407c4d 0000000000000000
0x00007000001838e0:   00000007aac733f8 00007000001838e8
0x00007000001838f0:   00000001171174b7 0000700000183948
0x0000700000183900:   0000000117117ce8 0000000000000000 

Instructions: (pc=0x000000011a14c12f)
0x000000011a14c10f:   00 01 00 00 00 48 8b bb 78 01 00 00 be 06 00 00
0x000000011a14c11f:   00 e8 4d 27 00 00 bf 50 c3 00 00 e8 c7 27 00 00
0x000000011a14c12f:   83 bb 68 01 00 00 01 74 16 48 8b bb 78 01 00 00
0x000000011a14c13f:   e8 16 27 00 00 c7 83 68 01 00 00 01 00 00 00 5b 

Register to memory mapping:

RAX=0x0000000000000000 is an unknown value
RBX=0x00007000010c6700 is an unknown value
RCX=0x0000700000184050 is an unknown value
RDX=0xffffffffffffffff is an unknown value
RSP=0x0000700000183710 is pointing into the stack for thread: 0x00007f9ff3801800
RBP=0x0000700000183720 is pointing into the stack for thread: 0x00007f9ff3801800
RSI=0x0000000000000000 is an unknown value
RDI=0x000000000000003c is an unknown value
R8 =0x0000000000000000 is an unknown value
R9 =0x0000000002faf080 is an unknown value
R10=0x0000000000000001 is an unknown value
R11=0x0000000000000247 is an unknown value
R12=0x0000000000000010 is an unknown value
R13={method} {0x00000001171240f0} 'interruptEventLoop' '()V' in 'gnu/io/RXTXPort'
R14=0x00007000001837a0 is pointing into the stack for thread: 0x00007f9ff3801800
R15=0x00007f9ff3801800 is a thread


Stack: [0x0000700000084000,0x0000700000184000],  sp=0x0000700000183710,  free space=1021k
Native frames: (J=compiled Java code, j=interpreted, Vv=VM code, C=native code)
C  [librxtxSerial.jnilib+0x312f]  Java_gnu_io_RXTXPort_interruptEventLoop+0x6b
j  gnu.io.RXTXPort.interruptEventLoop()V+0
j  gnu.io.RXTXPort.removeEventListener()V+55
j  gnu.io.RXTXPort.close()V+91
j  serial.SerialComLeitura.FecharCom()V+4
j  serial.TestaSerial.main([Ljava/lang/String;)V+63
v  ~StubRoutines::call_stub
V  [libjvm.dylib+0x2ea35e]  JavaCalls::call_helper(JavaValue*, methodHandle*, JavaCallArguments*, Thread*)+0x6ae
V  [libjvm.dylib+0x3210d0]  jni_invoke_static(JNIEnv_*, JavaValue*, _jobject*, JNICallType, _jmethodID*, JNI_ArgumentPusher*, Thread*)+0x1bf
V  [libjvm.dylib+0x319e4a]  jni_CallStaticVoidMethod+0x15d
C  [java+0x393e]  JavaMain+0x9b1
C  [libsystem_pthread.dylib+0x3c13]  _pthread_body+0x83
C  [libsystem_pthread.dylib+0x3b90]  _pthread_body+0x0
C  [libsystem_pthread.dylib+0x1375]  thread_start+0xd
C  0x0000000000000000

Java frames: (J=compiled Java code, j=interpreted, Vv=VM code)
j  gnu.io.RXTXPort.interruptEventLoop()V+0
j  gnu.io.RXTXPort.removeEventListener()V+55
j  gnu.io.RXTXPort.close()V+91
j  serial.SerialComLeitura.FecharCom()V+4
j  serial.TestaSerial.main([Ljava/lang/String;)V+63
v  ~StubRoutines::call_stub

---------------  P R O C E S S  ---------------

Java Threads: ( => current thread )
  0x00007f9ff2809000 JavaThread "Service Thread" daemon [_thread_blocked, id=18435, stack(0x0000700000dc1000,0x0000700000ec1000)]
  0x00007f9ff2812000 JavaThread "C1 CompilerThread2" daemon [_thread_blocked, id=17923, stack(0x0000700000cbe000,0x0000700000dbe000)]
  0x00007f9ff3827800 JavaThread "C2 CompilerThread1" daemon [_thread_blocked, id=17411, stack(0x0000700000bbb000,0x0000700000cbb000)]
  0x00007f9ff380f000 JavaThread "C2 CompilerThread0" daemon [_thread_blocked, id=16899, stack(0x0000700000ab8000,0x0000700000bb8000)]
  0x00007f9ff3042000 JavaThread "Signal Dispatcher" daemon [_thread_blocked, id=13839, stack(0x00007000009b5000,0x0000700000ab5000)]
  0x00007f9ff2810800 JavaThread "Finalizer" daemon [_thread_blocked, id=11779, stack(0x000070000082f000,0x000070000092f000)]
  0x00007f9ff4022000 JavaThread "Reference Handler" daemon [_thread_blocked, id=11267, stack(0x000070000072c000,0x000070000082c000)]
=>0x00007f9ff3801800 JavaThread "main" [_thread_in_native, id=4099, stack(0x0000700000084000,0x0000700000184000)]

Other Threads:
  0x00007f9ff401f000 VMThread [stack: 0x0000700000629000,0x0000700000729000] [id=10755]
  0x00007f9ff2855000 WatcherThread [stack: 0x0000700000ec4000,0x0000700000fc4000] [id=18947]

VM state:not at safepoint (normal execution)

VM Mutex/Monitor currently owned by a thread: None

Heap:
 PSYoungGen      total 18944K, used 2299K [0x00000007aab00000, 0x00000007ac000000, 0x00000007c0000000)
  eden space 16384K, 14% used [0x00000007aab00000,0x00000007aad3eed8,0x00000007abb00000)
  from space 2560K, 0% used [0x00000007abd80000,0x00000007abd80000,0x00000007ac000000)
  to   space 2560K, 0% used [0x00000007abb00000,0x00000007abb00000,0x00000007abd80000)
 ParOldGen       total 44032K, used 0K [0x0000000780000000, 0x0000000782b00000, 0x00000007aab00000)
  object space 44032K, 0% used [0x0000000780000000,0x0000000780000000,0x0000000782b00000)
 Metaspace       used 2913K, capacity 4674K, committed 4864K, reserved 1056768K
  class space    used 315K, capacity 426K, committed 512K, reserved 1048576K

Card table byte_map: [0x00000001147c0000,0x00000001149c1000] byte_map_base: 0x0000000110bc0000

Marking Bits: (ParMarkBitMap*) 0x00000001044b0e20
 Begin Bits: [0x0000000114b17000, 0x0000000115b17000)
 End Bits:   [0x0000000115b17000, 0x0000000116b17000)

Polling page: 0x0000000104b9c000

CodeCache: size=245760Kb used=1191Kb max_used=1191Kb free=244568Kb
 bounds [0x0000000105400000, 0x0000000105670000, 0x0000000114400000]
 total_blobs=303 nmethods=71 adapters=146
 compilation: enabled

Compilation events (10 events):
Event: 0.220 Thread 0x00007f9ff2812000   67       1       java.lang.String::length (6 bytes)
Event: 0.220 Thread 0x00007f9ff2812000 nmethod 67 0x0000000105522910 code [0x0000000105522a60, 0x0000000105522b70]
Event: 0.221 Thread 0x00007f9ff2812000   69  s!   3       sun.misc.URLClassPath::getLoader (197 bytes)
Event: 0.223 Thread 0x00007f9ff2812000 nmethod 69 0x0000000105522c10 code [0x0000000105523020, 0x0000000105525b68]
Event: 0.223 Thread 0x00007f9ff2812000   70       3       java.util.zip.ZStreamRef::address (5 bytes)
Event: 0.223 Thread 0x00007f9ff2812000 nmethod 70 0x0000000105527510 code [0x0000000105527660, 0x00000001055277b0]
Event: 0.223 Thread 0x00007f9ff2812000   68  s    3       sun.misc.URLClassPath::getNextLoader (88 bytes)
Event: 0.224 Thread 0x00007f9ff2812000 nmethod 68 0x0000000105527810 code [0x0000000105527a00, 0x00000001055282c8]
Event: 0.224 Thread 0x00007f9ff2812000   71   !   3       sun.misc.URLClassPath$JarLoader::getResource (85 bytes)
Event: 0.226 Thread 0x00007f9ff2812000 nmethod 71 0x0000000105528790 code [0x0000000105528a20, 0x0000000105529968]

GC Heap History (0 events):
No events

Deoptimization events (0 events):
No events

Internal exceptions (10 events):
Event: 0.166 Thread 0x00007f9ff3801800 Exception <a 'java/security/PrivilegedActionException'> (0x00000007aac4c8c0) thrown at [/HUDSON3/workspace/8-2-build-macosx-x86_64/jdk8u66/4988/hotspot/src/share/vm/prims/jvm.cpp, line 1386]
Event: 0.166 Thread 0x00007f9ff3801800 Exception <a 'java/security/PrivilegedActionException'> (0x00000007aac4cad0) thrown at [/HUDSON3/workspace/8-2-build-macosx-x86_64/jdk8u66/4988/hotspot/src/share/vm/prims/jvm.cpp, line 1386]
Event: 0.182 Thread 0x00007f9ff3801800 Exception <a 'java/util/zip/ZipException'> (0x00000007aac4d850) thrown at [/HUDSON3/workspace/8-2-build-macosx-x86_64/jdk8u66/4988/hotspot/src/share/vm/prims/jni.cpp, line 709]
Event: 0.182 Thread 0x00007f9ff3801800 Exception <a 'java/security/PrivilegedActionException'> (0x00000007aac4da58) thrown at [/HUDSON3/workspace/8-2-build-macosx-x86_64/jdk8u66/4988/hotspot/src/share/vm/prims/jvm.cpp, line 1386]
Event: 0.182 Thread 0x00007f9ff3801800 Exception <a 'java/security/PrivilegedActionException'> (0x00000007aac4dc68) thrown at [/HUDSON3/workspace/8-2-build-macosx-x86_64/jdk8u66/4988/hotspot/src/share/vm/prims/jvm.cpp, line 1386]
Event: 0.194 Thread 0x00007f9ff3801800 Exception <a 'java/util/zip/ZipException'> (0x00000007aac5f558) thrown at [/HUDSON3/workspace/8-2-build-macosx-x86_64/jdk8u66/4988/hotspot/src/share/vm/prims/jni.cpp, line 709]
Event: 0.194 Thread 0x00007f9ff3801800 Exception <a 'java/security/PrivilegedActionException'> (0x00000007aac5f760) thrown at [/HUDSON3/workspace/8-2-build-macosx-x86_64/jdk8u66/4988/hotspot/src/share/vm/prims/jvm.cpp, line 1386]
Event: 0.194 Thread 0x00007f9ff3801800 Exception <a 'java/security/PrivilegedActionException'> (0x00000007aac5f970) thrown at [/HUDSON3/workspace/8-2-build-macosx-x86_64/jdk8u66/4988/hotspot/src/share/vm/prims/jvm.cpp, line 1386]
Event: 0.211 Thread 0x00007f9ff3801800 Exception <a 'java/io/FileNotFoundException'> (0x00000007aacaa650) thrown at [/HUDSON3/workspace/8-2-build-macosx-x86_64/jdk8u66/4988/hotspot/src/share/vm/prims/jni.cpp, line 709]
Event: 0.211 Thread 0x00007f9ff3801800 Exception <a 'java/io/FileNotFoundException'> (0x00000007aacacae0) thrown at [/HUDSON3/workspace/8-2-build-macosx-x86_64/jdk8u66/4988/hotspot/src/share/vm/prims/jni.cpp, line 709]

Events (10 events):
Event: 0.221 loading class java/lang/NumberFormatException
Event: 0.221 loading class java/lang/NumberFormatException done
Event: 0.222 loading class java/lang/IndexOutOfBoundsException
Event: 0.222 loading class java/lang/IndexOutOfBoundsException done
Event: 0.224 loading class gnu/io/RXTXPort$MonitorThread
Event: 0.224 loading class gnu/io/RXTXPort$MonitorThread done
Event: 0.225 Thread 0x00007f9ff3843000 Thread added: 0x00007f9ff3843000
Event: 0.233 Thread 0x00007f9ff3843800 Thread added: 0x00007f9ff3843800
Event: 0.240 Thread 0x00007f9ff3843800 Thread exited: 0x00007f9ff3843800
Event: 1.242 Thread 0x00007f9ff3843000 Thread exited: 0x00007f9ff3843000


Dynamic libraries:
0x00000000080e3000 	/System/Library/Frameworks/Cocoa.framework/Versions/A/Cocoa
0x00000000080e3000 	/System/Library/Frameworks/Security.framework/Versions/A/Security
0x00000000080e3000 	/System/Library/Frameworks/ApplicationServices.framework/Versions/A/ApplicationServices
0x00000000080e3000 	/usr/lib/libz.1.dylib
0x00000000080e3000 	/usr/lib/libSystem.B.dylib
0x00000000080e3000 	/usr/lib/libobjc.A.dylib
0x00000000080e3000 	/System/Library/Frameworks/CoreFoundation.framework/Versions/A/CoreFoundation
0x00000000080e3000 	/System/Library/Frameworks/Foundation.framework/Versions/C/Foundation
0x00000000080e3000 	/System/Library/Frameworks/AppKit.framework/Versions/C/AppKit
0x00000000080e3000 	/System/Library/Frameworks/CoreData.framework/Versions/A/CoreData
0x00000000080e3000 	/System/Library/PrivateFrameworks/RemoteViewServices.framework/Versions/A/RemoteViewServices
0x00000000080e3000 	/System/Library/PrivateFrameworks/UIFoundation.framework/Versions/A/UIFoundation
0x00000000080e3000 	/usr/lib/libScreenReader.dylib
0x00000000080e3000 	/System/Library/Frameworks/Accelerate.framework/Versions/A/Accelerate
0x00000000080e3000 	/System/Library/Frameworks/IOSurface.framework/Versions/A/IOSurface
0x00000000080e3000 	/System/Library/Frameworks/AudioToolbox.framework/Versions/A/AudioToolbox
0x00000000080e3000 	/System/Library/Frameworks/AudioUnit.framework/Versions/A/AudioUnit
0x00000000080e3000 	/System/Library/PrivateFrameworks/DataDetectorsCore.framework/Versions/A/DataDetectorsCore
0x00000000080e3000 	/System/Library/PrivateFrameworks/DesktopServicesPriv.framework/Versions/A/DesktopServicesPriv
0x00000000080e3000 	/System/Library/Frameworks/Carbon.framework/Versions/A/Frameworks/HIToolbox.framework/Versions/A/HIToolbox
0x00000000080e3000 	/System/Library/Frameworks/QuartzCore.framework/Versions/A/QuartzCore
0x00000000080e3000 	/System/Library/Frameworks/Carbon.framework/Versions/A/Frameworks/SpeechRecognition.framework/Versions/A/SpeechRecognition
0x00000000080e3000 	/usr/lib/libauto.dylib
0x00000000080e3000 	/usr/lib/libicucore.A.dylib
0x00000000080e3000 	/usr/lib/libxml2.2.dylib
0x00000000080e3000 	/System/Library/PrivateFrameworks/CoreUI.framework/Versions/A/CoreUI
0x00000000080e3000 	/System/Library/Frameworks/CoreAudio.framework/Versions/A/CoreAudio
0x00000000080e3000 	/System/Library/Frameworks/DiskArbitration.framework/Versions/A/DiskArbitration
0x00000000080e3000 	/usr/lib/liblangid.dylib
0x00000000080e3000 	/System/Library/PrivateFrameworks/MultitouchSupport.framework/Versions/A/MultitouchSupport
0x00000000080e3000 	/System/Library/Frameworks/IOKit.framework/Versions/A/IOKit
0x00000000080e3000 	/usr/lib/libDiagnosticMessagesClient.dylib
0x00000000080e3000 	/System/Library/Frameworks/CoreServices.framework/Versions/A/CoreServices
0x00000000080e3000 	/System/Library/PrivateFrameworks/PerformanceAnalysis.framework/Versions/A/PerformanceAnalysis
0x00000000080e3000 	/System/Library/PrivateFrameworks/GenerationalStorage.framework/Versions/A/GenerationalStorage
0x00000000080e3000 	/System/Library/Frameworks/OpenGL.framework/Versions/A/OpenGL
0x00000000080e3000 	/System/Library/PrivateFrameworks/Sharing.framework/Versions/A/Sharing
0x00000000080e3000 	/System/Library/Frameworks/CoreGraphics.framework/Versions/A/CoreGraphics
0x00000000080e3000 	/System/Library/Frameworks/CoreImage.framework/Versions/A/CoreImage
0x00000000080e3000 	/System/Library/Frameworks/CoreText.framework/Versions/A/CoreText
0x00000000080e3000 	/System/Library/Frameworks/ImageIO.framework/Versions/A/ImageIO
0x00000000080e3000 	/System/Library/PrivateFrameworks/Backup.framework/Versions/A/Backup
0x00000000080e3000 	/usr/lib/libextension.dylib
0x00000000080e3000 	/usr/lib/libarchive.2.dylib
0x00000000080e3000 	/System/Library/Frameworks/CFNetwork.framework/Versions/A/CFNetwork
0x00000000080e3000 	/System/Library/Frameworks/SystemConfiguration.framework/Versions/A/SystemConfiguration
0x00000000080e3000 	/usr/lib/libCRFSuite.dylib
0x00000000080e3000 	/usr/lib/libc++.1.dylib
0x00000000080e3000 	/usr/lib/libc++abi.dylib
0x00000000080e3000 	/usr/lib/system/libcache.dylib
0x00000000080e3000 	/usr/lib/system/libcommonCrypto.dylib
0x00000000080e3000 	/usr/lib/system/libcompiler_rt.dylib
0x00000000080e3000 	/usr/lib/system/libcopyfile.dylib
0x00000000080e3000 	/usr/lib/system/libcorecrypto.dylib
0x00000000080e3000 	/usr/lib/system/libdispatch.dylib
0x00000000080e3000 	/usr/lib/system/libdyld.dylib
0x00000000080e3000 	/usr/lib/system/libkeymgr.dylib
0x00000000080e3000 	/usr/lib/system/liblaunch.dylib
0x00000000080e3000 	/usr/lib/system/libmacho.dylib
0x00000000080e3000 	/usr/lib/system/libquarantine.dylib
0x00000000080e3000 	/usr/lib/system/libremovefile.dylib
0x00000000080e3000 	/usr/lib/system/libsystem_asl.dylib
0x00000000080e3000 	/usr/lib/system/libsystem_blocks.dylib
0x00000000080e3000 	/usr/lib/system/libsystem_c.dylib
0x00000000080e3000 	/usr/lib/system/libsystem_configuration.dylib
0x00000000080e3000 	/usr/lib/system/libsystem_coreservices.dylib
0x00000000080e3000 	/usr/lib/system/libsystem_coretls.dylib
0x00000000080e3000 	/usr/lib/system/libsystem_dnssd.dylib
0x00000000080e3000 	/usr/lib/system/libsystem_info.dylib
0x00000000080e3000 	/usr/lib/system/libsystem_kernel.dylib
0x00000000080e3000 	/usr/lib/system/libsystem_m.dylib
0x00000000080e3000 	/usr/lib/system/libsystem_malloc.dylib
0x00000000080e3000 	/usr/lib/system/libsystem_network.dylib
0x00000000080e3000 	/usr/lib/system/libsystem_networkextension.dylib
0x00000000080e3000 	/usr/lib/system/libsystem_notify.dylib
0x00000000080e3000 	/usr/lib/system/libsystem_platform.dylib
0x00000000080e3000 	/usr/lib/system/libsystem_pthread.dylib
0x00000000080e3000 	/usr/lib/system/libsystem_sandbox.dylib
0x00000000080e3000 	/usr/lib/system/libsystem_secinit.dylib
0x00000000080e3000 	/usr/lib/system/libsystem_trace.dylib
0x00000000080e3000 	/usr/lib/system/libunc.dylib
0x00000000080e3000 	/usr/lib/system/libunwind.dylib
0x00000000080e3000 	/usr/lib/system/libxpc.dylib
0x00000000080e3000 	/usr/lib/libenergytrace.dylib
0x00000000080e3000 	/usr/lib/libbsm.0.dylib
0x00000000080e3000 	/usr/lib/system/libkxld.dylib
0x00000000080e3000 	/usr/lib/libxar.1.dylib
0x00000000080e3000 	/usr/lib/libsqlite3.dylib
0x00000000080e3000 	/usr/lib/libpam.2.dylib
0x00000000080e3000 	/usr/lib/libOpenScriptingUtil.dylib
0x00000000080e3000 	/usr/lib/libbz2.1.0.dylib
0x00000000080e3000 	/usr/lib/liblzma.5.dylib
0x00000000080e3000 	/System/Library/Frameworks/CoreServices.framework/Versions/A/Frameworks/FSEvents.framework/Versions/A/FSEvents
0x00000000080e3000 	/System/Library/Frameworks/CoreServices.framework/Versions/A/Frameworks/CarbonCore.framework/Versions/A/CarbonCore
0x00000000080e3000 	/System/Library/Frameworks/CoreServices.framework/Versions/A/Frameworks/Metadata.framework/Versions/A/Metadata
0x00000000080e3000 	/System/Library/Frameworks/CoreServices.framework/Versions/A/Frameworks/OSServices.framework/Versions/A/OSServices
0x00000000080e3000 	/System/Library/Frameworks/CoreServices.framework/Versions/A/Frameworks/SearchKit.framework/Versions/A/SearchKit
0x00000000080e3000 	/System/Library/Frameworks/CoreServices.framework/Versions/A/Frameworks/AE.framework/Versions/A/AE
0x00000000080e3000 	/System/Library/Frameworks/CoreServices.framework/Versions/A/Frameworks/LaunchServices.framework/Versions/A/LaunchServices
0x00000000080e3000 	/System/Library/Frameworks/CoreServices.framework/Versions/A/Frameworks/DictionaryServices.framework/Versions/A/DictionaryServices
0x00000000080e3000 	/System/Library/Frameworks/CoreServices.framework/Versions/A/Frameworks/SharedFileList.framework/Versions/A/SharedFileList
0x00000000080e3000 	/System/Library/Frameworks/NetFS.framework/Versions/A/NetFS
0x00000000080e3000 	/System/Library/PrivateFrameworks/NetAuth.framework/Versions/A/NetAuth
0x00000000080e3000 	/System/Library/PrivateFrameworks/login.framework/Versions/A/Frameworks/loginsupport.framework/Versions/A/loginsupport
0x00000000080e3000 	/System/Library/PrivateFrameworks/TCC.framework/Versions/A/TCC
0x00000000080e3000 	/usr/lib/libmecabra.dylib
0x00000000080e3000 	/System/Library/Frameworks/ApplicationServices.framework/Versions/A/Frameworks/ATS.framework/Versions/A/ATS
0x00000000080e3000 	/System/Library/Frameworks/ApplicationServices.framework/Versions/A/Frameworks/ColorSync.framework/Versions/A/ColorSync
0x00000000080e3000 	/System/Library/Frameworks/ApplicationServices.framework/Versions/A/Frameworks/HIServices.framework/Versions/A/HIServices
0x00000000080e3000 	/System/Library/Frameworks/ApplicationServices.framework/Versions/A/Frameworks/LangAnalysis.framework/Versions/A/LangAnalysis
0x00000000080e3000 	/System/Library/Frameworks/ApplicationServices.framework/Versions/A/Frameworks/PrintCore.framework/Versions/A/PrintCore
0x00000000080e3000 	/System/Library/Frameworks/ApplicationServices.framework/Versions/A/Frameworks/QD.framework/Versions/A/QD
0x00000000080e3000 	/System/Library/Frameworks/ApplicationServices.framework/Versions/A/Frameworks/SpeechSynthesis.framework/Versions/A/SpeechSynthesis
0x00000000080e3000 	/System/Library/Frameworks/Metal.framework/Versions/A/Metal
0x00000000080e3000 	/System/Library/Frameworks/Accelerate.framework/Versions/A/Frameworks/vImage.framework/Versions/A/vImage
0x00000000080e3000 	/System/Library/Frameworks/Accelerate.framework/Versions/A/Frameworks/vecLib.framework/Versions/A/vecLib
0x00000000080e3000 	/System/Library/Frameworks/Accelerate.framework/Versions/A/Frameworks/vecLib.framework/Versions/A/libvDSP.dylib
0x00000000080e3000 	/System/Library/Frameworks/Accelerate.framework/Versions/A/Frameworks/vecLib.framework/Versions/A/libvMisc.dylib
0x00000000080e3000 	/System/Library/Frameworks/Accelerate.framework/Versions/A/Frameworks/vecLib.framework/Versions/A/libLAPACK.dylib
0x00000000080e3000 	/System/Library/Frameworks/Accelerate.framework/Versions/A/Frameworks/vecLib.framework/Versions/A/libBLAS.dylib
0x00000000080e3000 	/System/Library/Frameworks/Accelerate.framework/Versions/A/Frameworks/vecLib.framework/Versions/A/libLinearAlgebra.dylib
0x00000000080e3000 	/System/Library/Frameworks/Accelerate.framework/Versions/A/Frameworks/vecLib.framework/Versions/A/libSparseBLAS.dylib
0x00000000080e3000 	/System/Library/PrivateFrameworks/GPUCompiler.framework/libmetal_timestamp.dylib
0x00000000080e3000 	/System/Library/Frameworks/OpenGL.framework/Versions/A/Libraries/libCoreFSCache.dylib
0x00000000080e3000 	/System/Library/PrivateFrameworks/IOAccelerator.framework/Versions/A/IOAccelerator
0x00000000080e3000 	/System/Library/Frameworks/ApplicationServices.framework/Versions/A/Frameworks/ATS.framework/Versions/A/Resources/libFontParser.dylib
0x00000000080e3000 	/System/Library/Frameworks/ApplicationServices.framework/Versions/A/Frameworks/ATS.framework/Versions/A/Resources/libFontRegistry.dylib
0x00000000080e3000 	/System/Library/PrivateFrameworks/AppleVPA.framework/Versions/A/AppleVPA
0x00000000080e3000 	/System/Library/PrivateFrameworks/AppleJPEG.framework/Versions/A/AppleJPEG
0x00000000080e3000 	/System/Library/Frameworks/ImageIO.framework/Versions/A/Resources/libJPEG.dylib
0x00000000080e3000 	/System/Library/Frameworks/ImageIO.framework/Versions/A/Resources/libTIFF.dylib
0x00000000080e3000 	/System/Library/Frameworks/ImageIO.framework/Versions/A/Resources/libPng.dylib
0x00000000080e3000 	/System/Library/Frameworks/ImageIO.framework/Versions/A/Resources/libGIF.dylib
0x00000000080e3000 	/System/Library/Frameworks/ImageIO.framework/Versions/A/Resources/libJP2.dylib
0x00000000080e3000 	/System/Library/Frameworks/ImageIO.framework/Versions/A/Resources/libRadiance.dylib
0x00000000080e3000 	/System/Library/Frameworks/CoreVideo.framework/Versions/A/CoreVideo
0x00000000080e3000 	/System/Library/Frameworks/OpenGL.framework/Versions/A/Libraries/libGLU.dylib
0x00000000080e3000 	/System/Library/Frameworks/OpenGL.framework/Versions/A/Libraries/libGFXShared.dylib
0x00000000080e3000 	/System/Library/Frameworks/OpenGL.framework/Versions/A/Libraries/libGL.dylib
0x00000000080e3000 	/System/Library/Frameworks/OpenGL.framework/Versions/A/Libraries/libGLImage.dylib
0x00000000080e3000 	/System/Library/Frameworks/OpenGL.framework/Versions/A/Libraries/libCVMSPluginSupport.dylib
0x00000000080e3000 	/System/Library/Frameworks/OpenGL.framework/Versions/A/Libraries/libCoreVMClient.dylib
0x00000000080e3000 	/usr/lib/libcups.2.dylib
0x00000000080e3000 	/System/Library/Frameworks/Kerberos.framework/Versions/A/Kerberos
0x00000000080e3000 	/System/Library/Frameworks/GSS.framework/Versions/A/GSS
0x00000000080e3000 	/usr/lib/libresolv.9.dylib
0x00000000080e3000 	/usr/lib/libiconv.2.dylib
0x00000000080e3000 	/System/Library/PrivateFrameworks/Heimdal.framework/Versions/A/Heimdal
0x00000000080e3000 	/usr/lib/libheimdal-asn1.dylib
0x00000000080e3000 	/System/Library/Frameworks/OpenDirectory.framework/Versions/A/OpenDirectory
0x00000000080e3000 	/System/Library/PrivateFrameworks/CommonAuth.framework/Versions/A/CommonAuth
0x00000000080e3000 	/System/Library/Frameworks/OpenDirectory.framework/Versions/A/Frameworks/CFOpenDirectory.framework/Versions/A/CFOpenDirectory
0x00000000080e3000 	/System/Library/Frameworks/SecurityFoundation.framework/Versions/A/SecurityFoundation
0x00000000080e3000 	/System/Library/PrivateFrameworks/LanguageModeling.framework/Versions/A/LanguageModeling
0x00000000080e3000 	/usr/lib/libmarisa.dylib
0x00000000080e3000 	/usr/lib/libChineseTokenizer.dylib
0x00000000080e3000 	/usr/lib/libcmph.dylib
0x00000000080e3000 	/usr/lib/libcompression.dylib
0x00000000080e3000 	/System/Library/Frameworks/ServiceManagement.framework/Versions/A/ServiceManagement
0x00000000080e3000 	/usr/lib/libxslt.1.dylib
0x00000000080e3000 	/System/Library/Frameworks/Carbon.framework/Versions/A/Frameworks/Ink.framework/Versions/A/Ink
0x00000000080e3000 	/usr/lib/libFosl_dynamic.dylib
0x00000000080e3000 	/System/Library/PrivateFrameworks/FaceCore.framework/Versions/A/FaceCore
0x00000000080e3000 	/System/Library/Frameworks/OpenCL.framework/Versions/A/OpenCL
0x00000000080e3000 	/System/Library/PrivateFrameworks/CrashReporterSupport.framework/Versions/A/CrashReporterSupport
0x00000000080e3000 	/System/Library/PrivateFrameworks/IconServices.framework/Versions/A/IconServices
0x00000000080e3000 	/System/Library/PrivateFrameworks/Apple80211.framework/Versions/A/Apple80211
0x00000000080e3000 	/System/Library/Frameworks/CoreWLAN.framework/Versions/A/CoreWLAN
0x00000000080e3000 	/System/Library/Frameworks/IOBluetooth.framework/Versions/A/IOBluetooth
0x00000000080e3000 	/System/Library/PrivateFrameworks/CoreWiFi.framework/Versions/A/CoreWiFi
0x00000000080e3000 	/System/Library/Frameworks/CoreBluetooth.framework/Versions/A/CoreBluetooth
0x00000000080e3000 	/System/Library/PrivateFrameworks/ChunkingLibrary.framework/Versions/A/ChunkingLibrary
0x00000000080e3000 	/System/Library/PrivateFrameworks/DebugSymbols.framework/Versions/A/DebugSymbols
0x00000000080e3000 	/System/Library/PrivateFrameworks/CoreSymbolication.framework/Versions/A/CoreSymbolication
0x00000000080e3000 	/System/Library/PrivateFrameworks/Symbolication.framework/Versions/A/Symbolication
0x00000000080e3000 	/System/Library/PrivateFrameworks/SpeechRecognitionCore.framework/Versions/A/SpeechRecognitionCore
0x0000000103bd3000 	/Library/Java/JavaVirtualMachines/jdk1.8.0_66.jdk/Contents/Home/jre/lib/server/libjvm.dylib
0x00000000080e3000 	/usr/lib/libstdc++.6.dylib
0x0000000104b59000 	/Library/Java/JavaVirtualMachines/jdk1.8.0_66.jdk/Contents/Home/jre/lib/libverify.dylib
0x0000000104b67000 	/Library/Java/JavaVirtualMachines/jdk1.8.0_66.jdk/Contents/Home/jre/lib/libjava.dylib
0x0000000104baa000 	/Library/Java/JavaVirtualMachines/jdk1.8.0_66.jdk/Contents/Home/jre/lib/libzip.dylib
0x00000001187bd000 	/System/Library/Frameworks/JavaVM.framework/Frameworks/JavaRuntimeSupport.framework/JavaRuntimeSupport
0x00000001187d8000 	/System/Library/Frameworks/JavaVM.framework/Versions/A/Frameworks/JavaNativeFoundation.framework/Versions/A/JavaNativeFoundation
0x0000000104bf0000 	/System/Library/Frameworks/JavaVM.framework/Versions/A/JavaVM
0x00000000080e3000 	/System/Library/Frameworks/Carbon.framework/Versions/A/Carbon
0x00000001187ed000 	/System/Library/PrivateFrameworks/JavaLaunching.framework/Versions/A/JavaLaunching
0x00000000080e3000 	/System/Library/Frameworks/Carbon.framework/Versions/A/Frameworks/CommonPanels.framework/Versions/A/CommonPanels
0x00000000080e3000 	/System/Library/Frameworks/Carbon.framework/Versions/A/Frameworks/Help.framework/Versions/A/Help
0x00000000080e3000 	/System/Library/Frameworks/Carbon.framework/Versions/A/Frameworks/ImageCapture.framework/Versions/A/ImageCapture
0x00000000080e3000 	/System/Library/Frameworks/Carbon.framework/Versions/A/Frameworks/OpenScripting.framework/Versions/A/OpenScripting
0x00000000080e3000 	/System/Library/Frameworks/Carbon.framework/Versions/A/Frameworks/Print.framework/Versions/A/Print
0x00000000080e3000 	/System/Library/Frameworks/Carbon.framework/Versions/A/Frameworks/SecurityHI.framework/Versions/A/SecurityHI
0x000000011a149000 	/Library/Java/Extensions/librxtxSerial.jnilib

VM Arguments:
jvm_args: -Dfile.encoding=UTF-8 
java_command: serial.TestaSerial
java_class_path (initial): /Users/Creapix/Documents/workspace/TermoPlayer/bin:/Applications/Eclipse.app/Contents/Eclipse/plugins/org.eclipse.fx.ide.css.jfx8_2.1.0.201508240705.jar:/Users/Creapix/Documents/workspace/TermoPlayer/RXTXcomm.jar
Launcher Type: SUN_STANDARD

Environment Variables:
PATH=/usr/bin:/bin:/usr/sbin:/sbin
SHELL=/bin/bash

Signal Handlers:
SIGSEGV: [libjvm.dylib+0x5a65d5], sa_mask[0]=11111111011111110111111111111111, sa_flags=SA_ONSTACK|SA_RESTART|SA_SIGINFO
SIGBUS: [libjvm.dylib+0x5a65d5], sa_mask[0]=11111111011111110111111111111111, sa_flags=SA_RESTART|SA_SIGINFO
SIGFPE: [libjvm.dylib+0x4802e8], sa_mask[0]=11111111011111110111111111111111, sa_flags=SA_RESTART|SA_SIGINFO
SIGPIPE: [libjvm.dylib+0x4802e8], sa_mask[0]=11111111011111110111111111111111, sa_flags=SA_RESTART|SA_SIGINFO
SIGXFSZ: [libjvm.dylib+0x4802e8], sa_mask[0]=11111111011111110111111111111111, sa_flags=SA_RESTART|SA_SIGINFO
SIGILL: [libjvm.dylib+0x4802e8], sa_mask[0]=11111111011111110111111111111111, sa_flags=SA_RESTART|SA_SIGINFO
SIGUSR1: SIG_DFL, sa_mask[0]=00000000000000000000000000000000, sa_flags=none
SIGUSR2: [libjvm.dylib+0x47fe06], sa_mask[0]=00100000000000000000000000000000, sa_flags=SA_RESTART|SA_SIGINFO
SIGHUP: [libjvm.dylib+0x47e3dd], sa_mask[0]=11111111011111110111111111111111, sa_flags=SA_RESTART|SA_SIGINFO
SIGINT: [libjvm.dylib+0x47e3dd], sa_mask[0]=11111111011111110111111111111111, sa_flags=SA_RESTART|SA_SIGINFO
SIGTERM: [libjvm.dylib+0x47e3dd], sa_mask[0]=11111111011111110111111111111111, sa_flags=SA_RESTART|SA_SIGINFO
SIGQUIT: [libjvm.dylib+0x47e3dd], sa_mask[0]=11111111011111110111111111111111, sa_flags=SA_RESTART|SA_SIGINFO


---------------  S Y S T E M  ---------------

OS:Bsduname:Darwin 15.2.0 Darwin Kernel Version 15.2.0: Fri Nov 13 19:56:56 PST 2015; root:xnu-3248.20.55~2/RELEASE_X86_64 x86_64
rlimit: STACK 8192k, CORE 0k, NPROC 709, NOFILE 10240, AS infinity
load average:1.81 1.47 1.28

CPU:total 4 (4 cores per cpu, 1 threads per core) family 6 model 42 stepping 7, cmov, cx8, fxsr, mmx, sse, sse2, sse3, ssse3, sse4.1, sse4.2, popcnt, avx, aes, clmul, tsc, tscinvbit

Memory: 4k page, physical 4194304k(21440k free)

/proc/meminfo:


vm_info: Java HotSpot(TM) 64-Bit Server VM (25.66-b17) for bsd-amd64 JRE (1.8.0_66-b17), built on Oct  6 2015 16:09:13 by "java_re" with gcc 4.2.1 (Based on Apple Inc. build 5658) (LLVM build 2336.11.00)

time: Wed Jan 13 09:36:05 2016
elapsed time: 1 seconds (0d 0h 0m 1s)

